{"name": "Тестируем появление заказа из истории заказов в Ленте заказов", "status": "broken", "statusDetails": {"message": "selenium.common.exceptions.ElementClickInterceptedException: Message: Element <p class=\"AppHeader_header__linkText__3q_va ml-2\"> is not clickable at point (1192,44) because another element <div class=\"Modal_modal_overlay__x2ZCr\"> obscures it\nStacktrace:\nRemoteError@chrome://remote/content/shared/RemoteError.sys.mjs:8:8\nWebDriverError@chrome://remote/content/shared/webdriver/Errors.sys.mjs:193:5\nElementClickInterceptedError@chrome://remote/content/shared/webdriver/Errors.sys.mjs:337:5\nwebdriverClickElement@chrome://remote/content/marionette/interaction.sys.mjs:177:11\ninteraction.clickElement@chrome://remote/content/marionette/interaction.sys.mjs:136:11\nclickElement@chrome://remote/content/marionette/actors/MarionetteCommandsChild.sys.mjs:205:29\nreceiveMessage@chrome://remote/content/marionette/actors/MarionetteCommandsChild.sys.mjs:85:31", "trace": "tests\\test_order_feed_page.py:36: in test_orders_from_history_in_order_feed_page\n    of_page.button_personal_account_click()\n        of_page    = <pages.order_feed_page.OrderFeedPage object at 0x00000235B810EC90>\n        self       = <test_order_feed_page.TestOrderFeedPage object at 0x00000235B7D51A60>\n        web_driver = <selenium.webdriver.firefox.webdriver.WebDriver (session=\"d9a1543b-cd71-4cc0-a8b7-74a87631bb0a\")>\npages\\order_feed_page.py:26: in button_personal_account_click\n    return self.click_element(OrderFeedPageLocators.PERSONAL_ACCOUNT, 100)\n        self       = <pages.order_feed_page.OrderFeedPage object at 0x00000235B810EC90>\npages\\base_page.py:25: in click_element\n    element.click()\n        element    = <selenium.webdriver.remote.webelement.WebElement (session=\"d9a1543b-cd71-4cc0-a8b7-74a87631bb0a\", element=\"2c70a3e2-112e-4301-b95d-ca3ff240a2e1\")>\n        locator    = ('xpath', \"//p[contains(text(), 'Личный Кабинет')]\")\n        self       = <pages.order_feed_page.OrderFeedPage object at 0x00000235B810EC90>\n        timeout    = 100\n..\\..\\..\\AppData\\Local\\JetBrains\\PyCharmCE2024.1\\demo\\PyCharmLearningProject\\venv\\Lib\\site-packages\\selenium\\webdriver\\remote\\webelement.py:94: in click\n    self._execute(Command.CLICK_ELEMENT)\n        self       = <selenium.webdriver.remote.webelement.WebElement (session=\"d9a1543b-cd71-4cc0-a8b7-74a87631bb0a\", element=\"2c70a3e2-112e-4301-b95d-ca3ff240a2e1\")>\n..\\..\\..\\AppData\\Local\\JetBrains\\PyCharmCE2024.1\\demo\\PyCharmLearningProject\\venv\\Lib\\site-packages\\selenium\\webdriver\\remote\\webelement.py:395: in _execute\n    return self._parent.execute(command, params)\n        command    = 'clickElement'\n        params     = {'id': '2c70a3e2-112e-4301-b95d-ca3ff240a2e1'}\n        self       = <selenium.webdriver.remote.webelement.WebElement (session=\"d9a1543b-cd71-4cc0-a8b7-74a87631bb0a\", element=\"2c70a3e2-112e-4301-b95d-ca3ff240a2e1\")>\n..\\..\\..\\AppData\\Local\\JetBrains\\PyCharmCE2024.1\\demo\\PyCharmLearningProject\\venv\\Lib\\site-packages\\selenium\\webdriver\\remote\\webdriver.py:347: in execute\n    self.error_handler.check_response(response)\n        driver_command = 'clickElement'\n        params     = {}\n        response   = {'status': 400, 'value': '{\"value\":{\"error\":\"element click intercepted\",\"message\":\"Element <p class=\\\\\"AppHeader_heade...sys.mjs:205:29\\\\nreceiveMessage@chrome://remote/content/marionette/actors/MarionetteCommandsChild.sys.mjs:85:31\\\\n\"}}'}\n        self       = <selenium.webdriver.firefox.webdriver.WebDriver (session=\"d9a1543b-cd71-4cc0-a8b7-74a87631bb0a\")>\n..\\..\\..\\AppData\\Local\\JetBrains\\PyCharmCE2024.1\\demo\\PyCharmLearningProject\\venv\\Lib\\site-packages\\selenium\\webdriver\\remote\\errorhandler.py:229: in check_response\n    raise exception_class(message, screen, stacktrace)\nE   selenium.common.exceptions.ElementClickInterceptedException: Message: Element <p class=\"AppHeader_header__linkText__3q_va ml-2\"> is not clickable at point (1192,44) because another element <div class=\"Modal_modal_overlay__x2ZCr\"> obscures it\nE   Stacktrace:\nE   RemoteError@chrome://remote/content/shared/RemoteError.sys.mjs:8:8\nE   WebDriverError@chrome://remote/content/shared/webdriver/Errors.sys.mjs:193:5\nE   ElementClickInterceptedError@chrome://remote/content/shared/webdriver/Errors.sys.mjs:337:5\nE   webdriverClickElement@chrome://remote/content/marionette/interaction.sys.mjs:177:11\nE   interaction.clickElement@chrome://remote/content/marionette/interaction.sys.mjs:136:11\nE   clickElement@chrome://remote/content/marionette/actors/MarionetteCommandsChild.sys.mjs:205:29\nE   receiveMessage@chrome://remote/content/marionette/actors/MarionetteCommandsChild.sys.mjs:85:31\n        e          = <selenium.webdriver.remote.errorhandler.ErrorCode object at 0x00000235B810D0D0>\n        error_code = 'ELEMENT_CLICK_INTERCEPTED'\n        error_codes = ['ELEMENT_CLICK_INTERCEPTED', 'ELEMENT_IS_NOT_SELECTABLE', 'ELEMENT_NOT_INTERACTABLE', 'ELEMENT_NOT_VISIBLE', 'IME_ENGINE_ACTIVATION_FAILED', 'IME_NOT_AVAILABLE', ...]\n        error_info = [64, 'element click intercepted']\n        exception_class = <class 'selenium.common.exceptions.ElementClickInterceptedException'>\n        json       = <module 'json' from 'C:\\\\Users\\\\trump\\\\AppData\\\\Local\\\\Programs\\\\Python\\\\Python312\\\\Lib\\\\json\\\\__init__.py'>\n        message    = 'Element <p class=\"AppHeader_header__linkText__3q_va ml-2\"> is not clickable at point (1192,44) because another element <div class=\"Modal_modal_overlay__x2ZCr\"> obscures it'\n        response   = {'status': 400, 'value': '{\"value\":{\"error\":\"element click intercepted\",\"message\":\"Element <p class=\\\\\"AppHeader_heade...sys.mjs:205:29\\\\nreceiveMessage@chrome://remote/content/marionette/actors/MarionetteCommandsChild.sys.mjs:85:31\\\\n\"}}'}\n        screen     = None\n        self       = <selenium.webdriver.remote.errorhandler.ErrorHandler object at 0x00000235B80A3890>\n        st_value   = 'RemoteError@chrome://remote/content/shared/RemoteError.sys.mjs:8:8\\nWebDriverError@chrome://remote/content/shared/web...Child.sys.mjs:205:29\\nreceiveMessage@chrome://remote/content/marionette/actors/MarionetteCommandsChild.sys.mjs:85:31\\n'\n        stacktrace = ['RemoteError@chrome://remote/content/shared/RemoteError.sys.mjs:8:8', 'WebDriverError@chrome://remote/content/shared/....sys.mjs:136:11', 'clickElement@chrome://remote/content/marionette/actors/MarionetteCommandsChild.sys.mjs:205:29', ...]\n        status     = 'element click intercepted'\n        value      = {'error': 'element click intercepted', 'message': 'Element <p class=\"AppHeader_header__linkText__3q_va ml-2\"> is not c...hild.sys.mjs:205:29\\nreceiveMessage@chrome://remote/content/marionette/actors/MarionetteCommandsChild.sys.mjs:85:31\\n'}\n        value_json = '{\"value\":{\"error\":\"element click intercepted\",\"message\":\"Element <p class=\\\\\"AppHeader_header__linkText__3q_va ml-2\\\\....sys.mjs:205:29\\\\nreceiveMessage@chrome://remote/content/marionette/actors/MarionetteCommandsChild.sys.mjs:85:31\\\\n\"}}'"}, "steps": [{"name": "Нажимаем на поле Личный Кабинет", "status": "broken", "statusDetails": {"message": "selenium.common.exceptions.ElementClickInterceptedException: Message: Element <p class=\"AppHeader_header__linkText__3q_va ml-2\"> is not clickable at point (1192,44) because another element <div class=\"Modal_modal_overlay__x2ZCr\"> obscures it\nStacktrace:\nRemoteError@chrome://remote/content/shared/RemoteError.sys.mjs:8:8\nWebDriverError@chrome://remote/content/shared/webdriver/Errors.sys.mjs:193:5\nElementClickInterceptedError@chrome://remote/content/shared/webdriver/Errors.sys.mjs:337:5\nwebdriverClickElement@chrome://remote/content/marionette/interaction.sys.mjs:177:11\ninteraction.clickElement@chrome://remote/content/marionette/interaction.sys.mjs:136:11\nclickElement@chrome://remote/content/marionette/actors/MarionetteCommandsChild.sys.mjs:205:29\nreceiveMessage@chrome://remote/content/marionette/actors/MarionetteCommandsChild.sys.mjs:85:31\n\n", "trace": "  File \"C:\\Users\\trump\\Documents\\GitHub\\Diplom_3\\pages\\order_feed_page.py\", line 26, in button_personal_account_click\n    return self.click_element(OrderFeedPageLocators.PERSONAL_ACCOUNT, 100)\n           ^^^^^^^^^^^^^^^^^^^^^^^^^^^^^^^^^^^^^^^^^^^^^^^^^^^^^^^^^^^^^^^\n  File \"C:\\Users\\trump\\Documents\\GitHub\\Diplom_3\\pages\\base_page.py\", line 25, in click_element\n    element.click()\n  File \"C:\\Users\\trump\\AppData\\Local\\JetBrains\\PyCharmCE2024.1\\demo\\PyCharmLearningProject\\venv\\Lib\\site-packages\\selenium\\webdriver\\remote\\webelement.py\", line 94, in click\n    self._execute(Command.CLICK_ELEMENT)\n  File \"C:\\Users\\trump\\AppData\\Local\\JetBrains\\PyCharmCE2024.1\\demo\\PyCharmLearningProject\\venv\\Lib\\site-packages\\selenium\\webdriver\\remote\\webelement.py\", line 395, in _execute\n    return self._parent.execute(command, params)\n           ^^^^^^^^^^^^^^^^^^^^^^^^^^^^^^^^^^^^^\n  File \"C:\\Users\\trump\\AppData\\Local\\JetBrains\\PyCharmCE2024.1\\demo\\PyCharmLearningProject\\venv\\Lib\\site-packages\\selenium\\webdriver\\remote\\webdriver.py\", line 347, in execute\n    self.error_handler.check_response(response)\n  File \"C:\\Users\\trump\\AppData\\Local\\JetBrains\\PyCharmCE2024.1\\demo\\PyCharmLearningProject\\venv\\Lib\\site-packages\\selenium\\webdriver\\remote\\errorhandler.py\", line 229, in check_response\n    raise exception_class(message, screen, stacktrace)\n"}, "steps": [{"name": "Ищем и кликаем по найденому элементу", "status": "broken", "statusDetails": {"message": "selenium.common.exceptions.ElementClickInterceptedException: Message: Element <p class=\"AppHeader_header__linkText__3q_va ml-2\"> is not clickable at point (1192,44) because another element <div class=\"Modal_modal_overlay__x2ZCr\"> obscures it\nStacktrace:\nRemoteError@chrome://remote/content/shared/RemoteError.sys.mjs:8:8\nWebDriverError@chrome://remote/content/shared/webdriver/Errors.sys.mjs:193:5\nElementClickInterceptedError@chrome://remote/content/shared/webdriver/Errors.sys.mjs:337:5\nwebdriverClickElement@chrome://remote/content/marionette/interaction.sys.mjs:177:11\ninteraction.clickElement@chrome://remote/content/marionette/interaction.sys.mjs:136:11\nclickElement@chrome://remote/content/marionette/actors/MarionetteCommandsChild.sys.mjs:205:29\nreceiveMessage@chrome://remote/content/marionette/actors/MarionetteCommandsChild.sys.mjs:85:31\n\n", "trace": "  File \"C:\\Users\\trump\\Documents\\GitHub\\Diplom_3\\pages\\base_page.py\", line 25, in click_element\n    element.click()\n  File \"C:\\Users\\trump\\AppData\\Local\\JetBrains\\PyCharmCE2024.1\\demo\\PyCharmLearningProject\\venv\\Lib\\site-packages\\selenium\\webdriver\\remote\\webelement.py\", line 94, in click\n    self._execute(Command.CLICK_ELEMENT)\n  File \"C:\\Users\\trump\\AppData\\Local\\JetBrains\\PyCharmCE2024.1\\demo\\PyCharmLearningProject\\venv\\Lib\\site-packages\\selenium\\webdriver\\remote\\webelement.py\", line 395, in _execute\n    return self._parent.execute(command, params)\n           ^^^^^^^^^^^^^^^^^^^^^^^^^^^^^^^^^^^^^\n  File \"C:\\Users\\trump\\AppData\\Local\\JetBrains\\PyCharmCE2024.1\\demo\\PyCharmLearningProject\\venv\\Lib\\site-packages\\selenium\\webdriver\\remote\\webdriver.py\", line 347, in execute\n    self.error_handler.check_response(response)\n  File \"C:\\Users\\trump\\AppData\\Local\\JetBrains\\PyCharmCE2024.1\\demo\\PyCharmLearningProject\\venv\\Lib\\site-packages\\selenium\\webdriver\\remote\\errorhandler.py\", line 229, in check_response\n    raise exception_class(message, screen, stacktrace)\n"}, "steps": [{"name": "Ищем элемент на странице", "status": "passed", "start": 1720028750689, "stop": 1720028750707}], "start": 1720028750689, "stop": 1720028750713}], "start": 1720028750689, "stop": 1720028750714}], "parameters": [{"name": "web_driver", "value": "'firefox'"}], "start": 1720028750689, "stop": 1720028750714, "uuid": "7e8afc05-5b07-430f-85e4-727f63467eff", "historyId": "1fc1b8da9b324774e8f8b8f3e19468cb", "testCaseId": "7efc20eaf5e36c354199875ad7c7bbd1", "fullName": "tests.test_order_feed_page.TestOrderFeedPage#test_orders_from_history_in_order_feed_page", "labels": [{"name": "parentSuite", "value": "tests"}, {"name": "suite", "value": "test_order_feed_page"}, {"name": "subSuite", "value": "TestOrderFeedPage"}, {"name": "host", "value": "DESKTOP-KUMEG7E"}, {"name": "thread", "value": "29968-MainThread"}, {"name": "framework", "value": "pytest"}, {"name": "language", "value": "cpython3"}, {"name": "package", "value": "tests.test_order_feed_page"}]}