{"name": "Тестируем появление номера закза в разделе В работе после его создания", "status": "broken", "statusDetails": {"message": "selenium.common.exceptions.ElementClickInterceptedException: Message: element click intercepted: Element <button type=\"button\" class=\"Modal_modal__close_modified__3V5XS Modal_modal__close__TnseK\">...</button> is not clickable at point (771, 175). Other element would receive the click: <div class=\"Modal_modal_overlay__x2ZCr\"></div>\n  (Session info: chrome=126.0.6478.127)\nStacktrace:\n\tGetHandleVerifier [0x006EC1C3+27395]\n\t(No symbol) [0x00683DC4]\n\t(No symbol) [0x00581B7F]\n\t(No symbol) [0x005C8C22]\n\t(No symbol) [0x005C6FA8]\n\t(No symbol) [0x005C4E2B]\n\t(No symbol) [0x005C43D7]\n\t(No symbol) [0x005B918F]\n\t(No symbol) [0x005E399C]\n\t(No symbol) [0x005B8C15]\n\t(No symbol) [0x005E3C34]\n\t(No symbol) [0x005FCB24]\n\t(No symbol) [0x005E3736]\n\t(No symbol) [0x005B7541]\n\t(No symbol) [0x005B80BD]\n\tGetHandleVerifier [0x009A3A93+2876371]\n\tGetHandleVerifier [0x009F7F5D+3221661]\n\tGetHandleVerifier [0x0076D634+556916]\n\tGetHandleVerifier [0x0077474C+585868]\n\t(No symbol) [0x0068CE04]\n\t(No symbol) [0x00689818]\n\t(No symbol) [0x006899B7]\n\t(No symbol) [0x0067BF0E]\n\tBaseThreadInitThunk [0x76D8FCC9+25]\n\tRtlGetAppContainerNamedObjectPath [0x771880CE+286]\n\tRtlGetAppContainerNamedObjectPath [0x7718809E+238]", "trace": "tests\\test_order_feed_page.py:138: in test_availability_number_in_section_in_progress\n    of_page.click_cross_pop_up()\n        INGRID     = <selenium.webdriver.remote.webelement.WebElement (session=\"70b3cfbddf929bad316af767b67e226b\", element=\"f.0203729275D453FF8BC9DBB89757CB2E.d.E406409B1CE1F29F44E2B17B269850A8.e.78\")>\n        TEFKI      = <selenium.webdriver.remote.webelement.WebElement (session=\"70b3cfbddf929bad316af767b67e226b\", element=\"f.0203729275D453FF8BC9DBB89757CB2E.d.E406409B1CE1F29F44E2B17B269850A8.e.79\")>\n        number     = '9999'\n        of_page    = <pages.order_feed_page.OrderFeedPage object at 0x00000235B8512630>\n        of_page_text = <selenium.webdriver.remote.webelement.WebElement (session=\"70b3cfbddf929bad316af767b67e226b\", element=\"f.0203729275D453FF8BC9DBB89757CB2E.d.E406409B1CE1F29F44E2B17B269850A8.e.89\")>\n        self       = <test_order_feed_page.TestOrderFeedPage object at 0x00000235B7D52540>\n        web_driver = <selenium.webdriver.chrome.webdriver.WebDriver (session=\"70b3cfbddf929bad316af767b67e226b\")>\npages\\order_feed_page.py:50: in click_cross_pop_up\n    return self.click_element(OrderFeedPageLocators.CROSS_POP_UP, 100)\n        self       = <pages.order_feed_page.OrderFeedPage object at 0x00000235B8512630>\npages\\base_page.py:25: in click_element\n    element.click()\n        element    = <selenium.webdriver.remote.webelement.WebElement (session=\"70b3cfbddf929bad316af767b67e226b\", element=\"f.0203729275D453FF8BC9DBB89757CB2E.d.E406409B1CE1F29F44E2B17B269850A8.e.91\")>\n        locator    = ('xpath', \"//button[contains(@class, 'modified__3V5XS Modal_modal__close__TnseK')]\")\n        self       = <pages.order_feed_page.OrderFeedPage object at 0x00000235B8512630>\n        timeout    = 100\n..\\..\\..\\AppData\\Local\\JetBrains\\PyCharmCE2024.1\\demo\\PyCharmLearningProject\\venv\\Lib\\site-packages\\selenium\\webdriver\\remote\\webelement.py:94: in click\n    self._execute(Command.CLICK_ELEMENT)\n        self       = <selenium.webdriver.remote.webelement.WebElement (session=\"70b3cfbddf929bad316af767b67e226b\", element=\"f.0203729275D453FF8BC9DBB89757CB2E.d.E406409B1CE1F29F44E2B17B269850A8.e.91\")>\n..\\..\\..\\AppData\\Local\\JetBrains\\PyCharmCE2024.1\\demo\\PyCharmLearningProject\\venv\\Lib\\site-packages\\selenium\\webdriver\\remote\\webelement.py:395: in _execute\n    return self._parent.execute(command, params)\n        command    = 'clickElement'\n        params     = {'id': 'f.0203729275D453FF8BC9DBB89757CB2E.d.E406409B1CE1F29F44E2B17B269850A8.e.91'}\n        self       = <selenium.webdriver.remote.webelement.WebElement (session=\"70b3cfbddf929bad316af767b67e226b\", element=\"f.0203729275D453FF8BC9DBB89757CB2E.d.E406409B1CE1F29F44E2B17B269850A8.e.91\")>\n..\\..\\..\\AppData\\Local\\JetBrains\\PyCharmCE2024.1\\demo\\PyCharmLearningProject\\venv\\Lib\\site-packages\\selenium\\webdriver\\remote\\webdriver.py:347: in execute\n    self.error_handler.check_response(response)\n        driver_command = 'clickElement'\n        params     = {}\n        response   = {'status': 400, 'value': '{\"value\":{\"error\":\"element click intercepted\",\"message\":\"element click intercepted: Element ...\\n\\\\tRtlGetAppContainerNamedObjectPath [0x771880CE+286]\\\\n\\\\tRtlGetAppContainerNamedObjectPath [0x7718809E+238]\\\\n\"}}'}\n        self       = <selenium.webdriver.chrome.webdriver.WebDriver (session=\"70b3cfbddf929bad316af767b67e226b\")>\n..\\..\\..\\AppData\\Local\\JetBrains\\PyCharmCE2024.1\\demo\\PyCharmLearningProject\\venv\\Lib\\site-packages\\selenium\\webdriver\\remote\\errorhandler.py:229: in check_response\n    raise exception_class(message, screen, stacktrace)\nE   selenium.common.exceptions.ElementClickInterceptedException: Message: element click intercepted: Element <button type=\"button\" class=\"Modal_modal__close_modified__3V5XS Modal_modal__close__TnseK\">...</button> is not clickable at point (771, 175). Other element would receive the click: <div class=\"Modal_modal_overlay__x2ZCr\"></div>\nE     (Session info: chrome=126.0.6478.127)\nE   Stacktrace:\nE   \tGetHandleVerifier [0x006EC1C3+27395]\nE   \t(No symbol) [0x00683DC4]\nE   \t(No symbol) [0x00581B7F]\nE   \t(No symbol) [0x005C8C22]\nE   \t(No symbol) [0x005C6FA8]\nE   \t(No symbol) [0x005C4E2B]\nE   \t(No symbol) [0x005C43D7]\nE   \t(No symbol) [0x005B918F]\nE   \t(No symbol) [0x005E399C]\nE   \t(No symbol) [0x005B8C15]\nE   \t(No symbol) [0x005E3C34]\nE   \t(No symbol) [0x005FCB24]\nE   \t(No symbol) [0x005E3736]\nE   \t(No symbol) [0x005B7541]\nE   \t(No symbol) [0x005B80BD]\nE   \tGetHandleVerifier [0x009A3A93+2876371]\nE   \tGetHandleVerifier [0x009F7F5D+3221661]\nE   \tGetHandleVerifier [0x0076D634+556916]\nE   \tGetHandleVerifier [0x0077474C+585868]\nE   \t(No symbol) [0x0068CE04]\nE   \t(No symbol) [0x00689818]\nE   \t(No symbol) [0x006899B7]\nE   \t(No symbol) [0x0067BF0E]\nE   \tBaseThreadInitThunk [0x76D8FCC9+25]\nE   \tRtlGetAppContainerNamedObjectPath [0x771880CE+286]\nE   \tRtlGetAppContainerNamedObjectPath [0x7718809E+238]\n        e          = <selenium.webdriver.remote.errorhandler.ErrorCode object at 0x00000235B80A3D40>\n        error_code = 'ELEMENT_CLICK_INTERCEPTED'\n        error_codes = ['ELEMENT_CLICK_INTERCEPTED', 'ELEMENT_IS_NOT_SELECTABLE', 'ELEMENT_NOT_INTERACTABLE', 'ELEMENT_NOT_VISIBLE', 'IME_ENGINE_ACTIVATION_FAILED', 'IME_NOT_AVAILABLE', ...]\n        error_info = [64, 'element click intercepted']\n        exception_class = <class 'selenium.common.exceptions.ElementClickInterceptedException'>\n        json       = <module 'json' from 'C:\\\\Users\\\\trump\\\\AppData\\\\Local\\\\Programs\\\\Python\\\\Python312\\\\Lib\\\\json\\\\__init__.py'>\n        message    = 'element click intercepted: Element <button type=\"button\" class=\"Modal_modal__close_modified__3V5XS Modal_modal__close...ement would receive the click: <div class=\"Modal_modal_overlay__x2ZCr\"></div>\\n  (Session info: chrome=126.0.6478.127)'\n        response   = {'status': 400, 'value': '{\"value\":{\"error\":\"element click intercepted\",\"message\":\"element click intercepted: Element ...\\n\\\\tRtlGetAppContainerNamedObjectPath [0x771880CE+286]\\\\n\\\\tRtlGetAppContainerNamedObjectPath [0x7718809E+238]\\\\n\"}}'}\n        screen     = None\n        self       = <selenium.webdriver.remote.errorhandler.ErrorHandler object at 0x00000235B810A360>\n        st_value   = '\\tGetHandleVerifier [0x006EC1C3+27395]\\n\\t(No symbol) [0x00683DC4]\\n\\t(No symbol) [0x00581B7F]\\n\\t(No symbol) [0x005C...FCC9+25]\\n\\tRtlGetAppContainerNamedObjectPath [0x771880CE+286]\\n\\tRtlGetAppContainerNamedObjectPath [0x7718809E+238]\\n'\n        stacktrace = ['\\tGetHandleVerifier [0x006EC1C3+27395]', '\\t(No symbol) [0x00683DC4]', '\\t(No symbol) [0x00581B7F]', '\\t(No symbol) [0x005C8C22]', '\\t(No symbol) [0x005C6FA8]', '\\t(No symbol) [0x005C4E2B]', ...]\n        status     = 'element click intercepted'\n        value      = {'error': 'element click intercepted', 'message': 'element click intercepted: Element <button type=\"button\" class=\"Mod...CC9+25]\\n\\tRtlGetAppContainerNamedObjectPath [0x771880CE+286]\\n\\tRtlGetAppContainerNamedObjectPath [0x7718809E+238]\\n'}\n        value_json = '{\"value\":{\"error\":\"element click intercepted\",\"message\":\"element click intercepted: Element \\\\u003Cbutton type=\\\\\"but...\\\\n\\\\tRtlGetAppContainerNamedObjectPath [0x771880CE+286]\\\\n\\\\tRtlGetAppContainerNamedObjectPath [0x7718809E+238]\\\\n\"}}'"}, "steps": [{"name": "Нажимаем на поле Личный Кабинет", "status": "passed", "steps": [{"name": "Ищем и кликаем по найденому элементу", "status": "passed", "steps": [{"name": "Ищем элемент на странице", "status": "passed", "start": 1720028789843, "stop": 1720028789853}], "start": 1720028789843, "stop": 1720028790145}], "start": 1720028789843, "stop": 1720028790145}, {"name": "Вводим email", "status": "passed", "steps": [{"name": "Вводим текст", "status": "passed", "steps": [{"name": "Ищем элемент на странице", "status": "passed", "start": 1720028790145, "stop": 1720028790157}], "start": 1720028790145, "stop": 1720028790225}], "start": 1720028790145, "stop": 1720028790225}, {"name": "Вводим пароль", "status": "passed", "steps": [{"name": "Вводим текст", "status": "passed", "steps": [{"name": "Ищем элемент на странице", "status": "passed", "start": 1720028790226, "stop": 1720028790235}], "start": 1720028790226, "stop": 1720028790287}], "start": 1720028790225, "stop": 1720028790287}, {"name": "Клик по кнопке Ввод", "status": "passed", "steps": [{"name": "Ищем и кликаем по найденому элементу", "status": "passed", "steps": [{"name": "Ищем элемент на странице", "status": "passed", "start": 1720028790287, "stop": 1720028790295}], "start": 1720028790287, "stop": 1720028790316}], "start": 1720028790287, "stop": 1720028790316}, {"name": "Клик по кнопке Оформить заказ", "status": "passed", "steps": [{"name": "Ищем и кликаем по найденому элементу", "status": "passed", "steps": [{"name": "Ищем элемент на странице", "status": "passed", "start": 1720028791918, "stop": 1720028791926}], "start": 1720028791918, "stop": 1720028791945}], "start": 1720028791918, "stop": 1720028791945}, {"name": "Кликаем крестик всплывающего окна", "status": "broken", "statusDetails": {"message": "selenium.common.exceptions.ElementClickInterceptedException: Message: element click intercepted: Element <button type=\"button\" class=\"Modal_modal__close_modified__3V5XS Modal_modal__close__TnseK\">...</button> is not clickable at point (771, 175). Other element would receive the click: <div class=\"Modal_modal_overlay__x2ZCr\"></div>\n  (Session info: chrome=126.0.6478.127)\nStacktrace:\n\tGetHandleVerifier [0x006EC1C3+27395]\n\t(No symbol) [0x00683DC4]\n\t(No symbol) [0x00581B7F]\n\t(No symbol) [0x005C8C22]\n\t(No symbol) [0x005C6FA8]\n\t(No symbol) [0x005C4E2B]\n\t(No symbol) [0x005C43D7]\n\t(No symbol) [0x005B918F]\n\t(No symbol) [0x005E399C]\n\t(No symbol) [0x005B8C15]\n\t(No symbol) [0x005E3C34]\n\t(No symbol) [0x005FCB24]\n\t(No symbol) [0x005E3736]\n\t(No symbol) [0x005B7541]\n\t(No symbol) [0x005B80BD]\n\tGetHandleVerifier [0x009A3A93+2876371]\n\tGetHandleVerifier [0x009F7F5D+3221661]\n\tGetHandleVerifier [0x0076D634+556916]\n\tGetHandleVerifier [0x0077474C+585868]\n\t(No symbol) [0x0068CE04]\n\t(No symbol) [0x00689818]\n\t(No symbol) [0x006899B7]\n\t(No symbol) [0x0067BF0E]\n\tBaseThreadInitThunk [0x76D8FCC9+25]\n\tRtlGetAppContainerNamedObjectPath [0x771880CE+286]\n\tRtlGetAppContainerNamedObjectPath [0x7718809E+238]\n\n", "trace": "  File \"C:\\Users\\trump\\Documents\\GitHub\\Diplom_3\\pages\\order_feed_page.py\", line 50, in click_cross_pop_up\n    return self.click_element(OrderFeedPageLocators.CROSS_POP_UP, 100)\n           ^^^^^^^^^^^^^^^^^^^^^^^^^^^^^^^^^^^^^^^^^^^^^^^^^^^^^^^^^^^\n  File \"C:\\Users\\trump\\Documents\\GitHub\\Diplom_3\\pages\\base_page.py\", line 25, in click_element\n    element.click()\n  File \"C:\\Users\\trump\\AppData\\Local\\JetBrains\\PyCharmCE2024.1\\demo\\PyCharmLearningProject\\venv\\Lib\\site-packages\\selenium\\webdriver\\remote\\webelement.py\", line 94, in click\n    self._execute(Command.CLICK_ELEMENT)\n  File \"C:\\Users\\trump\\AppData\\Local\\JetBrains\\PyCharmCE2024.1\\demo\\PyCharmLearningProject\\venv\\Lib\\site-packages\\selenium\\webdriver\\remote\\webelement.py\", line 395, in _execute\n    return self._parent.execute(command, params)\n           ^^^^^^^^^^^^^^^^^^^^^^^^^^^^^^^^^^^^^\n  File \"C:\\Users\\trump\\AppData\\Local\\JetBrains\\PyCharmCE2024.1\\demo\\PyCharmLearningProject\\venv\\Lib\\site-packages\\selenium\\webdriver\\remote\\webdriver.py\", line 347, in execute\n    self.error_handler.check_response(response)\n  File \"C:\\Users\\trump\\AppData\\Local\\JetBrains\\PyCharmCE2024.1\\demo\\PyCharmLearningProject\\venv\\Lib\\site-packages\\selenium\\webdriver\\remote\\errorhandler.py\", line 229, in check_response\n    raise exception_class(message, screen, stacktrace)\n"}, "steps": [{"name": "Ищем и кликаем по найденому элементу", "status": "broken", "statusDetails": {"message": "selenium.common.exceptions.ElementClickInterceptedException: Message: element click intercepted: Element <button type=\"button\" class=\"Modal_modal__close_modified__3V5XS Modal_modal__close__TnseK\">...</button> is not clickable at point (771, 175). Other element would receive the click: <div class=\"Modal_modal_overlay__x2ZCr\"></div>\n  (Session info: chrome=126.0.6478.127)\nStacktrace:\n\tGetHandleVerifier [0x006EC1C3+27395]\n\t(No symbol) [0x00683DC4]\n\t(No symbol) [0x00581B7F]\n\t(No symbol) [0x005C8C22]\n\t(No symbol) [0x005C6FA8]\n\t(No symbol) [0x005C4E2B]\n\t(No symbol) [0x005C43D7]\n\t(No symbol) [0x005B918F]\n\t(No symbol) [0x005E399C]\n\t(No symbol) [0x005B8C15]\n\t(No symbol) [0x005E3C34]\n\t(No symbol) [0x005FCB24]\n\t(No symbol) [0x005E3736]\n\t(No symbol) [0x005B7541]\n\t(No symbol) [0x005B80BD]\n\tGetHandleVerifier [0x009A3A93+2876371]\n\tGetHandleVerifier [0x009F7F5D+3221661]\n\tGetHandleVerifier [0x0076D634+556916]\n\tGetHandleVerifier [0x0077474C+585868]\n\t(No symbol) [0x0068CE04]\n\t(No symbol) [0x00689818]\n\t(No symbol) [0x006899B7]\n\t(No symbol) [0x0067BF0E]\n\tBaseThreadInitThunk [0x76D8FCC9+25]\n\tRtlGetAppContainerNamedObjectPath [0x771880CE+286]\n\tRtlGetAppContainerNamedObjectPath [0x7718809E+238]\n\n", "trace": "  File \"C:\\Users\\trump\\Documents\\GitHub\\Diplom_3\\pages\\base_page.py\", line 25, in click_element\n    element.click()\n  File \"C:\\Users\\trump\\AppData\\Local\\JetBrains\\PyCharmCE2024.1\\demo\\PyCharmLearningProject\\venv\\Lib\\site-packages\\selenium\\webdriver\\remote\\webelement.py\", line 94, in click\n    self._execute(Command.CLICK_ELEMENT)\n  File \"C:\\Users\\trump\\AppData\\Local\\JetBrains\\PyCharmCE2024.1\\demo\\PyCharmLearningProject\\venv\\Lib\\site-packages\\selenium\\webdriver\\remote\\webelement.py\", line 395, in _execute\n    return self._parent.execute(command, params)\n           ^^^^^^^^^^^^^^^^^^^^^^^^^^^^^^^^^^^^^\n  File \"C:\\Users\\trump\\AppData\\Local\\JetBrains\\PyCharmCE2024.1\\demo\\PyCharmLearningProject\\venv\\Lib\\site-packages\\selenium\\webdriver\\remote\\webdriver.py\", line 347, in execute\n    self.error_handler.check_response(response)\n  File \"C:\\Users\\trump\\AppData\\Local\\JetBrains\\PyCharmCE2024.1\\demo\\PyCharmLearningProject\\venv\\Lib\\site-packages\\selenium\\webdriver\\remote\\errorhandler.py\", line 229, in check_response\n    raise exception_class(message, screen, stacktrace)\n"}, "steps": [{"name": "Ищем элемент на странице", "status": "passed", "start": 1720028791978, "stop": 1720028791982}], "start": 1720028791978, "stop": 1720028793058}], "start": 1720028791978, "stop": 1720028793058}], "parameters": [{"name": "web_driver", "value": "'chrome'"}], "start": 1720028789843, "stop": 1720028793059, "uuid": "8a4e2b91-7b70-41c0-a53c-c4f9586b6aea", "historyId": "d1682405202863f0d1367dc3cbe9f031", "testCaseId": "4f17edbe3d9ac121a14d062ee53256a2", "fullName": "tests.test_order_feed_page.TestOrderFeedPage#test_availability_number_in_section_in_progress", "labels": [{"name": "parentSuite", "value": "tests"}, {"name": "suite", "value": "test_order_feed_page"}, {"name": "subSuite", "value": "TestOrderFeedPage"}, {"name": "host", "value": "DESKTOP-KUMEG7E"}, {"name": "thread", "value": "29968-MainThread"}, {"name": "framework", "value": "pytest"}, {"name": "language", "value": "cpython3"}, {"name": "package", "value": "tests.test_order_feed_page"}]}