{"name": "Проверяем переход по клику на «Конструктор»", "status": "broken", "statusDetails": {"message": "selenium.common.exceptions.ElementClickInterceptedException: Message: Element <p class=\"AppHeader_header__linkText__3q_va ml-2\"> is not clickable at point (104,44) because another element <div class=\"Modal_modal_overlay__x2ZCr\"> obscures it\nStacktrace:\nRemoteError@chrome://remote/content/shared/RemoteError.sys.mjs:8:8\nWebDriverError@chrome://remote/content/shared/webdriver/Errors.sys.mjs:193:5\nElementClickInterceptedError@chrome://remote/content/shared/webdriver/Errors.sys.mjs:337:5\nwebdriverClickElement@chrome://remote/content/marionette/interaction.sys.mjs:177:11\ninteraction.clickElement@chrome://remote/content/marionette/interaction.sys.mjs:136:11\nclickElement@chrome://remote/content/marionette/actors/MarionetteCommandsChild.sys.mjs:205:29\nreceiveMessage@chrome://remote/content/marionette/actors/MarionetteCommandsChild.sys.mjs:85:31", "trace": "tests\\test_main_functionality.py:23: in test_click_button_constructor\n    mf_page.button_constructor_click()\n        mf_page    = <pages.main_functionality_page.MainFunctionalityPage object at 0x00000235B7E34F20>\n        self       = <test_main_functionality.TestMainFunctionalityPage object at 0x00000235B7CFF4D0>\n        web_driver = <selenium.webdriver.firefox.webdriver.WebDriver (session=\"6f6d1430-6b2d-44e5-a26e-4c95e07cb69b\")>\npages\\main_functionality_page.py:18: in button_constructor_click\n    return self.click_element(MainFunctionalityPageLocators.CONSTRUCTOR, 100)\n        self       = <pages.main_functionality_page.MainFunctionalityPage object at 0x00000235B7E34F20>\npages\\base_page.py:25: in click_element\n    element.click()\n        element    = <selenium.webdriver.remote.webelement.WebElement (session=\"6f6d1430-6b2d-44e5-a26e-4c95e07cb69b\", element=\"a3bd01f8-7d0b-4bb6-9d10-2bc9c7cc417f\")>\n        locator    = ('xpath', \"//p[text()='Конструктор']\")\n        self       = <pages.main_functionality_page.MainFunctionalityPage object at 0x00000235B7E34F20>\n        timeout    = 100\n..\\..\\..\\AppData\\Local\\JetBrains\\PyCharmCE2024.1\\demo\\PyCharmLearningProject\\venv\\Lib\\site-packages\\selenium\\webdriver\\remote\\webelement.py:94: in click\n    self._execute(Command.CLICK_ELEMENT)\n        self       = <selenium.webdriver.remote.webelement.WebElement (session=\"6f6d1430-6b2d-44e5-a26e-4c95e07cb69b\", element=\"a3bd01f8-7d0b-4bb6-9d10-2bc9c7cc417f\")>\n..\\..\\..\\AppData\\Local\\JetBrains\\PyCharmCE2024.1\\demo\\PyCharmLearningProject\\venv\\Lib\\site-packages\\selenium\\webdriver\\remote\\webelement.py:395: in _execute\n    return self._parent.execute(command, params)\n        command    = 'clickElement'\n        params     = {'id': 'a3bd01f8-7d0b-4bb6-9d10-2bc9c7cc417f'}\n        self       = <selenium.webdriver.remote.webelement.WebElement (session=\"6f6d1430-6b2d-44e5-a26e-4c95e07cb69b\", element=\"a3bd01f8-7d0b-4bb6-9d10-2bc9c7cc417f\")>\n..\\..\\..\\AppData\\Local\\JetBrains\\PyCharmCE2024.1\\demo\\PyCharmLearningProject\\venv\\Lib\\site-packages\\selenium\\webdriver\\remote\\webdriver.py:347: in execute\n    self.error_handler.check_response(response)\n        driver_command = 'clickElement'\n        params     = {}\n        response   = {'status': 400, 'value': '{\"value\":{\"error\":\"element click intercepted\",\"message\":\"Element <p class=\\\\\"AppHeader_heade...sys.mjs:205:29\\\\nreceiveMessage@chrome://remote/content/marionette/actors/MarionetteCommandsChild.sys.mjs:85:31\\\\n\"}}'}\n        self       = <selenium.webdriver.firefox.webdriver.WebDriver (session=\"6f6d1430-6b2d-44e5-a26e-4c95e07cb69b\")>\n..\\..\\..\\AppData\\Local\\JetBrains\\PyCharmCE2024.1\\demo\\PyCharmLearningProject\\venv\\Lib\\site-packages\\selenium\\webdriver\\remote\\errorhandler.py:229: in check_response\n    raise exception_class(message, screen, stacktrace)\nE   selenium.common.exceptions.ElementClickInterceptedException: Message: Element <p class=\"AppHeader_header__linkText__3q_va ml-2\"> is not clickable at point (104,44) because another element <div class=\"Modal_modal_overlay__x2ZCr\"> obscures it\nE   Stacktrace:\nE   RemoteError@chrome://remote/content/shared/RemoteError.sys.mjs:8:8\nE   WebDriverError@chrome://remote/content/shared/webdriver/Errors.sys.mjs:193:5\nE   ElementClickInterceptedError@chrome://remote/content/shared/webdriver/Errors.sys.mjs:337:5\nE   webdriverClickElement@chrome://remote/content/marionette/interaction.sys.mjs:177:11\nE   interaction.clickElement@chrome://remote/content/marionette/interaction.sys.mjs:136:11\nE   clickElement@chrome://remote/content/marionette/actors/MarionetteCommandsChild.sys.mjs:205:29\nE   receiveMessage@chrome://remote/content/marionette/actors/MarionetteCommandsChild.sys.mjs:85:31\n        e          = <selenium.webdriver.remote.errorhandler.ErrorCode object at 0x00000235B7E36000>\n        error_code = 'ELEMENT_CLICK_INTERCEPTED'\n        error_codes = ['ELEMENT_CLICK_INTERCEPTED', 'ELEMENT_IS_NOT_SELECTABLE', 'ELEMENT_NOT_INTERACTABLE', 'ELEMENT_NOT_VISIBLE', 'IME_ENGINE_ACTIVATION_FAILED', 'IME_NOT_AVAILABLE', ...]\n        error_info = [64, 'element click intercepted']\n        exception_class = <class 'selenium.common.exceptions.ElementClickInterceptedException'>\n        json       = <module 'json' from 'C:\\\\Users\\\\trump\\\\AppData\\\\Local\\\\Programs\\\\Python\\\\Python312\\\\Lib\\\\json\\\\__init__.py'>\n        message    = 'Element <p class=\"AppHeader_header__linkText__3q_va ml-2\"> is not clickable at point (104,44) because another element <div class=\"Modal_modal_overlay__x2ZCr\"> obscures it'\n        response   = {'status': 400, 'value': '{\"value\":{\"error\":\"element click intercepted\",\"message\":\"Element <p class=\\\\\"AppHeader_heade...sys.mjs:205:29\\\\nreceiveMessage@chrome://remote/content/marionette/actors/MarionetteCommandsChild.sys.mjs:85:31\\\\n\"}}'}\n        screen     = None\n        self       = <selenium.webdriver.remote.errorhandler.ErrorHandler object at 0x00000235B7B32C30>\n        st_value   = 'RemoteError@chrome://remote/content/shared/RemoteError.sys.mjs:8:8\\nWebDriverError@chrome://remote/content/shared/web...Child.sys.mjs:205:29\\nreceiveMessage@chrome://remote/content/marionette/actors/MarionetteCommandsChild.sys.mjs:85:31\\n'\n        stacktrace = ['RemoteError@chrome://remote/content/shared/RemoteError.sys.mjs:8:8', 'WebDriverError@chrome://remote/content/shared/....sys.mjs:136:11', 'clickElement@chrome://remote/content/marionette/actors/MarionetteCommandsChild.sys.mjs:205:29', ...]\n        status     = 'element click intercepted'\n        value      = {'error': 'element click intercepted', 'message': 'Element <p class=\"AppHeader_header__linkText__3q_va ml-2\"> is not c...hild.sys.mjs:205:29\\nreceiveMessage@chrome://remote/content/marionette/actors/MarionetteCommandsChild.sys.mjs:85:31\\n'}\n        value_json = '{\"value\":{\"error\":\"element click intercepted\",\"message\":\"Element <p class=\\\\\"AppHeader_header__linkText__3q_va ml-2\\\\....sys.mjs:205:29\\\\nreceiveMessage@chrome://remote/content/marionette/actors/MarionetteCommandsChild.sys.mjs:85:31\\\\n\"}}'"}, "steps": [{"name": "Открываем страницу", "status": "passed", "start": 1720028573207, "stop": 1720028573527}, {"name": "Нажимаем поле Конструктор", "status": "broken", "statusDetails": {"message": "selenium.common.exceptions.ElementClickInterceptedException: Message: Element <p class=\"AppHeader_header__linkText__3q_va ml-2\"> is not clickable at point (104,44) because another element <div class=\"Modal_modal_overlay__x2ZCr\"> obscures it\nStacktrace:\nRemoteError@chrome://remote/content/shared/RemoteError.sys.mjs:8:8\nWebDriverError@chrome://remote/content/shared/webdriver/Errors.sys.mjs:193:5\nElementClickInterceptedError@chrome://remote/content/shared/webdriver/Errors.sys.mjs:337:5\nwebdriverClickElement@chrome://remote/content/marionette/interaction.sys.mjs:177:11\ninteraction.clickElement@chrome://remote/content/marionette/interaction.sys.mjs:136:11\nclickElement@chrome://remote/content/marionette/actors/MarionetteCommandsChild.sys.mjs:205:29\nreceiveMessage@chrome://remote/content/marionette/actors/MarionetteCommandsChild.sys.mjs:85:31\n\n", "trace": "  File \"C:\\Users\\trump\\Documents\\GitHub\\Diplom_3\\pages\\main_functionality_page.py\", line 18, in button_constructor_click\n    return self.click_element(MainFunctionalityPageLocators.CONSTRUCTOR, 100)\n           ^^^^^^^^^^^^^^^^^^^^^^^^^^^^^^^^^^^^^^^^^^^^^^^^^^^^^^^^^^^^^^^^^^\n  File \"C:\\Users\\trump\\Documents\\GitHub\\Diplom_3\\pages\\base_page.py\", line 25, in click_element\n    element.click()\n  File \"C:\\Users\\trump\\AppData\\Local\\JetBrains\\PyCharmCE2024.1\\demo\\PyCharmLearningProject\\venv\\Lib\\site-packages\\selenium\\webdriver\\remote\\webelement.py\", line 94, in click\n    self._execute(Command.CLICK_ELEMENT)\n  File \"C:\\Users\\trump\\AppData\\Local\\JetBrains\\PyCharmCE2024.1\\demo\\PyCharmLearningProject\\venv\\Lib\\site-packages\\selenium\\webdriver\\remote\\webelement.py\", line 395, in _execute\n    return self._parent.execute(command, params)\n           ^^^^^^^^^^^^^^^^^^^^^^^^^^^^^^^^^^^^^\n  File \"C:\\Users\\trump\\AppData\\Local\\JetBrains\\PyCharmCE2024.1\\demo\\PyCharmLearningProject\\venv\\Lib\\site-packages\\selenium\\webdriver\\remote\\webdriver.py\", line 347, in execute\n    self.error_handler.check_response(response)\n  File \"C:\\Users\\trump\\AppData\\Local\\JetBrains\\PyCharmCE2024.1\\demo\\PyCharmLearningProject\\venv\\Lib\\site-packages\\selenium\\webdriver\\remote\\errorhandler.py\", line 229, in check_response\n    raise exception_class(message, screen, stacktrace)\n"}, "steps": [{"name": "Ищем и кликаем по найденому элементу", "status": "broken", "statusDetails": {"message": "selenium.common.exceptions.ElementClickInterceptedException: Message: Element <p class=\"AppHeader_header__linkText__3q_va ml-2\"> is not clickable at point (104,44) because another element <div class=\"Modal_modal_overlay__x2ZCr\"> obscures it\nStacktrace:\nRemoteError@chrome://remote/content/shared/RemoteError.sys.mjs:8:8\nWebDriverError@chrome://remote/content/shared/webdriver/Errors.sys.mjs:193:5\nElementClickInterceptedError@chrome://remote/content/shared/webdriver/Errors.sys.mjs:337:5\nwebdriverClickElement@chrome://remote/content/marionette/interaction.sys.mjs:177:11\ninteraction.clickElement@chrome://remote/content/marionette/interaction.sys.mjs:136:11\nclickElement@chrome://remote/content/marionette/actors/MarionetteCommandsChild.sys.mjs:205:29\nreceiveMessage@chrome://remote/content/marionette/actors/MarionetteCommandsChild.sys.mjs:85:31\n\n", "trace": "  File \"C:\\Users\\trump\\Documents\\GitHub\\Diplom_3\\pages\\base_page.py\", line 25, in click_element\n    element.click()\n  File \"C:\\Users\\trump\\AppData\\Local\\JetBrains\\PyCharmCE2024.1\\demo\\PyCharmLearningProject\\venv\\Lib\\site-packages\\selenium\\webdriver\\remote\\webelement.py\", line 94, in click\n    self._execute(Command.CLICK_ELEMENT)\n  File \"C:\\Users\\trump\\AppData\\Local\\JetBrains\\PyCharmCE2024.1\\demo\\PyCharmLearningProject\\venv\\Lib\\site-packages\\selenium\\webdriver\\remote\\webelement.py\", line 395, in _execute\n    return self._parent.execute(command, params)\n           ^^^^^^^^^^^^^^^^^^^^^^^^^^^^^^^^^^^^^\n  File \"C:\\Users\\trump\\AppData\\Local\\JetBrains\\PyCharmCE2024.1\\demo\\PyCharmLearningProject\\venv\\Lib\\site-packages\\selenium\\webdriver\\remote\\webdriver.py\", line 347, in execute\n    self.error_handler.check_response(response)\n  File \"C:\\Users\\trump\\AppData\\Local\\JetBrains\\PyCharmCE2024.1\\demo\\PyCharmLearningProject\\venv\\Lib\\site-packages\\selenium\\webdriver\\remote\\errorhandler.py\", line 229, in check_response\n    raise exception_class(message, screen, stacktrace)\n"}, "steps": [{"name": "Ищем элемент на странице", "status": "passed", "start": 1720028573527, "stop": 1720028573535}], "start": 1720028573527, "stop": 1720028573542}], "start": 1720028573527, "stop": 1720028573543}], "parameters": [{"name": "web_driver", "value": "'firefox'"}], "start": 1720028573206, "stop": 1720028573543, "uuid": "10afd857-f35f-4bb1-a4d6-2fea2d50bfd8", "historyId": "5039e763564c3c185ef19dab09fc94c1", "testCaseId": "638cb19a57fb07263e69898dfd286853", "fullName": "tests.test_main_functionality.TestMainFunctionalityPage#test_click_button_constructor", "labels": [{"name": "parentSuite", "value": "tests"}, {"name": "suite", "value": "test_main_functionality"}, {"name": "subSuite", "value": "TestMainFunctionalityPage"}, {"name": "host", "value": "DESKTOP-KUMEG7E"}, {"name": "thread", "value": "29968-MainThread"}, {"name": "framework", "value": "pytest"}, {"name": "language", "value": "cpython3"}, {"name": "package", "value": "tests.test_main_functionality"}]}