{"name": "Проверяем увеличение значения счётчика при добавлении ингридиента в заказ", "status": "broken", "statusDetails": {"message": "selenium.common.exceptions.NoSuchElementException: Message: Unable to locate element: //p[@class='counter_counter__num__3nue1'][text()='2']; For documentation on this error, please visit: https://www.selenium.dev/documentation/webdriver/troubleshooting/errors#no-such-element-exception\nStacktrace:\nRemoteError@chrome://remote/content/shared/RemoteError.sys.mjs:8:8\nWebDriverError@chrome://remote/content/shared/webdriver/Errors.sys.mjs:193:5\nNoSuchElementError@chrome://remote/content/shared/webdriver/Errors.sys.mjs:511:5\ndom.find/</<@chrome://remote/content/shared/DOM.sys.mjs:136:16", "trace": "tests\\test_main_functionality.py:68: in test_adding_ingredient_to_order\n    mf_page_p_text = web_driver.find_element(By.XPATH, \"//p[@class='counter_counter__num__3nue1'][text()='2']\")\n        INGRID     = <selenium.webdriver.remote.webelement.WebElement (session=\"2fb53cc2-4af5-436c-b7cd-fa572758a250\", element=\"a56a85ba-85a8-4df4-8df3-53d5d201434c\")>\n        TEFKI      = <selenium.webdriver.remote.webelement.WebElement (session=\"2fb53cc2-4af5-436c-b7cd-fa572758a250\", element=\"e74f9168-ed42-4d19-833c-3694fca39278\")>\n        self       = <test_main_functionality.TestMainFunctionalityPage object at 0x00000235B7D50440>\n        web_driver = <selenium.webdriver.firefox.webdriver.WebDriver (session=\"2fb53cc2-4af5-436c-b7cd-fa572758a250\")>\n..\\..\\..\\AppData\\Local\\JetBrains\\PyCharmCE2024.1\\demo\\PyCharmLearningProject\\venv\\Lib\\site-packages\\selenium\\webdriver\\remote\\webdriver.py:741: in find_element\n    return self.execute(Command.FIND_ELEMENT, {\"using\": by, \"value\": value})[\"value\"]\n        by         = 'xpath'\n        self       = <selenium.webdriver.firefox.webdriver.WebDriver (session=\"2fb53cc2-4af5-436c-b7cd-fa572758a250\")>\n        value      = \"//p[@class='counter_counter__num__3nue1'][text()='2']\"\n..\\..\\..\\AppData\\Local\\JetBrains\\PyCharmCE2024.1\\demo\\PyCharmLearningProject\\venv\\Lib\\site-packages\\selenium\\webdriver\\remote\\webdriver.py:347: in execute\n    self.error_handler.check_response(response)\n        driver_command = 'findElement'\n        params     = {'using': 'xpath', 'value': \"//p[@class='counter_counter__num__3nue1'][text()='2']\"}\n        response   = {'status': 404, 'value': '{\"value\":{\"error\":\"no such element\",\"message\":\"Unable to locate element: //p[@class=\\'counte.../content/shared/webdriver/Errors.sys.mjs:511:5\\\\ndom.find/</<@chrome://remote/content/shared/DOM.sys.mjs:136:16\\\\n\"}}'}\n        self       = <selenium.webdriver.firefox.webdriver.WebDriver (session=\"2fb53cc2-4af5-436c-b7cd-fa572758a250\")>\n..\\..\\..\\AppData\\Local\\JetBrains\\PyCharmCE2024.1\\demo\\PyCharmLearningProject\\venv\\Lib\\site-packages\\selenium\\webdriver\\remote\\errorhandler.py:229: in check_response\n    raise exception_class(message, screen, stacktrace)\nE   selenium.common.exceptions.NoSuchElementException: Message: Unable to locate element: //p[@class='counter_counter__num__3nue1'][text()='2']; For documentation on this error, please visit: https://www.selenium.dev/documentation/webdriver/troubleshooting/errors#no-such-element-exception\nE   Stacktrace:\nE   RemoteError@chrome://remote/content/shared/RemoteError.sys.mjs:8:8\nE   WebDriverError@chrome://remote/content/shared/webdriver/Errors.sys.mjs:193:5\nE   NoSuchElementError@chrome://remote/content/shared/webdriver/Errors.sys.mjs:511:5\nE   dom.find/</<@chrome://remote/content/shared/DOM.sys.mjs:136:16\n        e          = <selenium.webdriver.remote.errorhandler.ErrorCode object at 0x00000235B80A37A0>\n        error_code = 'NO_SUCH_ELEMENT'\n        error_codes = ['ELEMENT_CLICK_INTERCEPTED', 'ELEMENT_IS_NOT_SELECTABLE', 'ELEMENT_NOT_INTERACTABLE', 'ELEMENT_NOT_VISIBLE', 'IME_ENGINE_ACTIVATION_FAILED', 'IME_NOT_AVAILABLE', ...]\n        error_info = [7, 'no such element']\n        exception_class = <class 'selenium.common.exceptions.NoSuchElementException'>\n        json       = <module 'json' from 'C:\\\\Users\\\\trump\\\\AppData\\\\Local\\\\Programs\\\\Python\\\\Python312\\\\Lib\\\\json\\\\__init__.py'>\n        message    = \"Unable to locate element: //p[@class='counter_counter__num__3nue1'][text()='2']\"\n        response   = {'status': 404, 'value': '{\"value\":{\"error\":\"no such element\",\"message\":\"Unable to locate element: //p[@class=\\'counte.../content/shared/webdriver/Errors.sys.mjs:511:5\\\\ndom.find/</<@chrome://remote/content/shared/DOM.sys.mjs:136:16\\\\n\"}}'}\n        screen     = None\n        self       = <selenium.webdriver.remote.errorhandler.ErrorHandler object at 0x00000235B80A2150>\n        st_value   = 'RemoteError@chrome://remote/content/shared/RemoteError.sys.mjs:8:8\\nWebDriverError@chrome://remote/content/shared/web...remote/content/shared/webdriver/Errors.sys.mjs:511:5\\ndom.find/</<@chrome://remote/content/shared/DOM.sys.mjs:136:16\\n'\n        stacktrace = ['RemoteError@chrome://remote/content/shared/RemoteError.sys.mjs:8:8', 'WebDriverError@chrome://remote/content/shared/...e/content/shared/webdriver/Errors.sys.mjs:511:5', 'dom.find/</<@chrome://remote/content/shared/DOM.sys.mjs:136:16', '']\n        status     = 'no such element'\n        value      = {'error': 'no such element', 'message': \"Unable to locate element: //p[@class='counter_counter__num__3nue1'][text()='2...emote/content/shared/webdriver/Errors.sys.mjs:511:5\\ndom.find/</<@chrome://remote/content/shared/DOM.sys.mjs:136:16\\n'}\n        value_json = '{\"value\":{\"error\":\"no such element\",\"message\":\"Unable to locate element: //p[@class=\\'counter_counter__num__3nue1\\'][...e/content/shared/webdriver/Errors.sys.mjs:511:5\\\\ndom.find/</<@chrome://remote/content/shared/DOM.sys.mjs:136:16\\\\n\"}}'"}, "parameters": [{"name": "web_driver", "value": "'firefox'"}], "start": 1720028653775, "stop": 1720028654905, "uuid": "72663e79-5725-4e2a-8704-e1db941150c7", "historyId": "3e5084034893d95adee5a8ec70681165", "testCaseId": "2d9bebd39c2a5fa7dd101dfc6b26f77a", "fullName": "tests.test_main_functionality.TestMainFunctionalityPage#test_adding_ingredient_to_order", "labels": [{"name": "parentSuite", "value": "tests"}, {"name": "suite", "value": "test_main_functionality"}, {"name": "subSuite", "value": "TestMainFunctionalityPage"}, {"name": "host", "value": "DESKTOP-KUMEG7E"}, {"name": "thread", "value": "29968-MainThread"}, {"name": "framework", "value": "pytest"}, {"name": "language", "value": "cpython3"}, {"name": "package", "value": "tests.test_main_functionality"}]}