{"name": "Проверяем переход по клику на «Лента заказов»", "status": "broken", "statusDetails": {"message": "selenium.common.exceptions.ElementClickInterceptedException: Message: Element <p class=\"AppHeader_header__linkText__3q_va ml-2\"> is not clickable at point (300,44) because another element <div class=\"Modal_modal_overlay__x2ZCr\"> obscures it\nStacktrace:\nRemoteError@chrome://remote/content/shared/RemoteError.sys.mjs:8:8\nWebDriverError@chrome://remote/content/shared/webdriver/Errors.sys.mjs:193:5\nElementClickInterceptedError@chrome://remote/content/shared/webdriver/Errors.sys.mjs:337:5\nwebdriverClickElement@chrome://remote/content/marionette/interaction.sys.mjs:177:11\ninteraction.clickElement@chrome://remote/content/marionette/interaction.sys.mjs:136:11\nclickElement@chrome://remote/content/marionette/actors/MarionetteCommandsChild.sys.mjs:205:29\nreceiveMessage@chrome://remote/content/marionette/actors/MarionetteCommandsChild.sys.mjs:85:31", "trace": "tests\\test_main_functionality.py:30: in test_click_button_order_feed\n    mf_page.button_constructor_order_feed()\n        mf_page    = <pages.main_functionality_page.MainFunctionalityPage object at 0x00000235B7E341A0>\n        self       = <test_main_functionality.TestMainFunctionalityPage object at 0x00000235B7CFF9E0>\n        web_driver = <selenium.webdriver.firefox.webdriver.WebDriver (session=\"5907a5ff-6d2f-4f7b-8b8b-18e037902a37\")>\npages\\main_functionality_page.py:22: in button_constructor_order_feed\n    return self.click_element(MainFunctionalityPageLocators.ORDER_FEED, 100)\n        self       = <pages.main_functionality_page.MainFunctionalityPage object at 0x00000235B7E341A0>\npages\\base_page.py:25: in click_element\n    element.click()\n        element    = <selenium.webdriver.remote.webelement.WebElement (session=\"5907a5ff-6d2f-4f7b-8b8b-18e037902a37\", element=\"a0f07556-508c-4089-ac80-3044f90c32ff\")>\n        locator    = ('xpath', \"//p[text()='Лента Заказов']\")\n        self       = <pages.main_functionality_page.MainFunctionalityPage object at 0x00000235B7E341A0>\n        timeout    = 100\n..\\..\\..\\AppData\\Local\\JetBrains\\PyCharmCE2024.1\\demo\\PyCharmLearningProject\\venv\\Lib\\site-packages\\selenium\\webdriver\\remote\\webelement.py:94: in click\n    self._execute(Command.CLICK_ELEMENT)\n        self       = <selenium.webdriver.remote.webelement.WebElement (session=\"5907a5ff-6d2f-4f7b-8b8b-18e037902a37\", element=\"a0f07556-508c-4089-ac80-3044f90c32ff\")>\n..\\..\\..\\AppData\\Local\\JetBrains\\PyCharmCE2024.1\\demo\\PyCharmLearningProject\\venv\\Lib\\site-packages\\selenium\\webdriver\\remote\\webelement.py:395: in _execute\n    return self._parent.execute(command, params)\n        command    = 'clickElement'\n        params     = {'id': 'a0f07556-508c-4089-ac80-3044f90c32ff'}\n        self       = <selenium.webdriver.remote.webelement.WebElement (session=\"5907a5ff-6d2f-4f7b-8b8b-18e037902a37\", element=\"a0f07556-508c-4089-ac80-3044f90c32ff\")>\n..\\..\\..\\AppData\\Local\\JetBrains\\PyCharmCE2024.1\\demo\\PyCharmLearningProject\\venv\\Lib\\site-packages\\selenium\\webdriver\\remote\\webdriver.py:347: in execute\n    self.error_handler.check_response(response)\n        driver_command = 'clickElement'\n        params     = {}\n        response   = {'status': 400, 'value': '{\"value\":{\"error\":\"element click intercepted\",\"message\":\"Element <p class=\\\\\"AppHeader_heade...sys.mjs:205:29\\\\nreceiveMessage@chrome://remote/content/marionette/actors/MarionetteCommandsChild.sys.mjs:85:31\\\\n\"}}'}\n        self       = <selenium.webdriver.firefox.webdriver.WebDriver (session=\"5907a5ff-6d2f-4f7b-8b8b-18e037902a37\")>\n..\\..\\..\\AppData\\Local\\JetBrains\\PyCharmCE2024.1\\demo\\PyCharmLearningProject\\venv\\Lib\\site-packages\\selenium\\webdriver\\remote\\errorhandler.py:229: in check_response\n    raise exception_class(message, screen, stacktrace)\nE   selenium.common.exceptions.ElementClickInterceptedException: Message: Element <p class=\"AppHeader_header__linkText__3q_va ml-2\"> is not clickable at point (300,44) because another element <div class=\"Modal_modal_overlay__x2ZCr\"> obscures it\nE   Stacktrace:\nE   RemoteError@chrome://remote/content/shared/RemoteError.sys.mjs:8:8\nE   WebDriverError@chrome://remote/content/shared/webdriver/Errors.sys.mjs:193:5\nE   ElementClickInterceptedError@chrome://remote/content/shared/webdriver/Errors.sys.mjs:337:5\nE   webdriverClickElement@chrome://remote/content/marionette/interaction.sys.mjs:177:11\nE   interaction.clickElement@chrome://remote/content/marionette/interaction.sys.mjs:136:11\nE   clickElement@chrome://remote/content/marionette/actors/MarionetteCommandsChild.sys.mjs:205:29\nE   receiveMessage@chrome://remote/content/marionette/actors/MarionetteCommandsChild.sys.mjs:85:31\n        e          = <selenium.webdriver.remote.errorhandler.ErrorCode object at 0x00000235B7E37CB0>\n        error_code = 'ELEMENT_CLICK_INTERCEPTED'\n        error_codes = ['ELEMENT_CLICK_INTERCEPTED', 'ELEMENT_IS_NOT_SELECTABLE', 'ELEMENT_NOT_INTERACTABLE', 'ELEMENT_NOT_VISIBLE', 'IME_ENGINE_ACTIVATION_FAILED', 'IME_NOT_AVAILABLE', ...]\n        error_info = [64, 'element click intercepted']\n        exception_class = <class 'selenium.common.exceptions.ElementClickInterceptedException'>\n        json       = <module 'json' from 'C:\\\\Users\\\\trump\\\\AppData\\\\Local\\\\Programs\\\\Python\\\\Python312\\\\Lib\\\\json\\\\__init__.py'>\n        message    = 'Element <p class=\"AppHeader_header__linkText__3q_va ml-2\"> is not clickable at point (300,44) because another element <div class=\"Modal_modal_overlay__x2ZCr\"> obscures it'\n        response   = {'status': 400, 'value': '{\"value\":{\"error\":\"element click intercepted\",\"message\":\"Element <p class=\\\\\"AppHeader_heade...sys.mjs:205:29\\\\nreceiveMessage@chrome://remote/content/marionette/actors/MarionetteCommandsChild.sys.mjs:85:31\\\\n\"}}'}\n        screen     = None\n        self       = <selenium.webdriver.remote.errorhandler.ErrorHandler object at 0x00000235B7E344A0>\n        st_value   = 'RemoteError@chrome://remote/content/shared/RemoteError.sys.mjs:8:8\\nWebDriverError@chrome://remote/content/shared/web...Child.sys.mjs:205:29\\nreceiveMessage@chrome://remote/content/marionette/actors/MarionetteCommandsChild.sys.mjs:85:31\\n'\n        stacktrace = ['RemoteError@chrome://remote/content/shared/RemoteError.sys.mjs:8:8', 'WebDriverError@chrome://remote/content/shared/....sys.mjs:136:11', 'clickElement@chrome://remote/content/marionette/actors/MarionetteCommandsChild.sys.mjs:205:29', ...]\n        status     = 'element click intercepted'\n        value      = {'error': 'element click intercepted', 'message': 'Element <p class=\"AppHeader_header__linkText__3q_va ml-2\"> is not c...hild.sys.mjs:205:29\\nreceiveMessage@chrome://remote/content/marionette/actors/MarionetteCommandsChild.sys.mjs:85:31\\n'}\n        value_json = '{\"value\":{\"error\":\"element click intercepted\",\"message\":\"Element <p class=\\\\\"AppHeader_header__linkText__3q_va ml-2\\\\....sys.mjs:205:29\\\\nreceiveMessage@chrome://remote/content/marionette/actors/MarionetteCommandsChild.sys.mjs:85:31\\\\n\"}}'"}, "steps": [{"name": "Нажимаем поле Лента заказов", "status": "broken", "statusDetails": {"message": "selenium.common.exceptions.ElementClickInterceptedException: Message: Element <p class=\"AppHeader_header__linkText__3q_va ml-2\"> is not clickable at point (300,44) because another element <div class=\"Modal_modal_overlay__x2ZCr\"> obscures it\nStacktrace:\nRemoteError@chrome://remote/content/shared/RemoteError.sys.mjs:8:8\nWebDriverError@chrome://remote/content/shared/webdriver/Errors.sys.mjs:193:5\nElementClickInterceptedError@chrome://remote/content/shared/webdriver/Errors.sys.mjs:337:5\nwebdriverClickElement@chrome://remote/content/marionette/interaction.sys.mjs:177:11\ninteraction.clickElement@chrome://remote/content/marionette/interaction.sys.mjs:136:11\nclickElement@chrome://remote/content/marionette/actors/MarionetteCommandsChild.sys.mjs:205:29\nreceiveMessage@chrome://remote/content/marionette/actors/MarionetteCommandsChild.sys.mjs:85:31\n\n", "trace": "  File \"C:\\Users\\trump\\Documents\\GitHub\\Diplom_3\\pages\\main_functionality_page.py\", line 22, in button_constructor_order_feed\n    return self.click_element(MainFunctionalityPageLocators.ORDER_FEED, 100)\n           ^^^^^^^^^^^^^^^^^^^^^^^^^^^^^^^^^^^^^^^^^^^^^^^^^^^^^^^^^^^^^^^^^\n  File \"C:\\Users\\trump\\Documents\\GitHub\\Diplom_3\\pages\\base_page.py\", line 25, in click_element\n    element.click()\n  File \"C:\\Users\\trump\\AppData\\Local\\JetBrains\\PyCharmCE2024.1\\demo\\PyCharmLearningProject\\venv\\Lib\\site-packages\\selenium\\webdriver\\remote\\webelement.py\", line 94, in click\n    self._execute(Command.CLICK_ELEMENT)\n  File \"C:\\Users\\trump\\AppData\\Local\\JetBrains\\PyCharmCE2024.1\\demo\\PyCharmLearningProject\\venv\\Lib\\site-packages\\selenium\\webdriver\\remote\\webelement.py\", line 395, in _execute\n    return self._parent.execute(command, params)\n           ^^^^^^^^^^^^^^^^^^^^^^^^^^^^^^^^^^^^^\n  File \"C:\\Users\\trump\\AppData\\Local\\JetBrains\\PyCharmCE2024.1\\demo\\PyCharmLearningProject\\venv\\Lib\\site-packages\\selenium\\webdriver\\remote\\webdriver.py\", line 347, in execute\n    self.error_handler.check_response(response)\n  File \"C:\\Users\\trump\\AppData\\Local\\JetBrains\\PyCharmCE2024.1\\demo\\PyCharmLearningProject\\venv\\Lib\\site-packages\\selenium\\webdriver\\remote\\errorhandler.py\", line 229, in check_response\n    raise exception_class(message, screen, stacktrace)\n"}, "steps": [{"name": "Ищем и кликаем по найденому элементу", "status": "broken", "statusDetails": {"message": "selenium.common.exceptions.ElementClickInterceptedException: Message: Element <p class=\"AppHeader_header__linkText__3q_va ml-2\"> is not clickable at point (300,44) because another element <div class=\"Modal_modal_overlay__x2ZCr\"> obscures it\nStacktrace:\nRemoteError@chrome://remote/content/shared/RemoteError.sys.mjs:8:8\nWebDriverError@chrome://remote/content/shared/webdriver/Errors.sys.mjs:193:5\nElementClickInterceptedError@chrome://remote/content/shared/webdriver/Errors.sys.mjs:337:5\nwebdriverClickElement@chrome://remote/content/marionette/interaction.sys.mjs:177:11\ninteraction.clickElement@chrome://remote/content/marionette/interaction.sys.mjs:136:11\nclickElement@chrome://remote/content/marionette/actors/MarionetteCommandsChild.sys.mjs:205:29\nreceiveMessage@chrome://remote/content/marionette/actors/MarionetteCommandsChild.sys.mjs:85:31\n\n", "trace": "  File \"C:\\Users\\trump\\Documents\\GitHub\\Diplom_3\\pages\\base_page.py\", line 25, in click_element\n    element.click()\n  File \"C:\\Users\\trump\\AppData\\Local\\JetBrains\\PyCharmCE2024.1\\demo\\PyCharmLearningProject\\venv\\Lib\\site-packages\\selenium\\webdriver\\remote\\webelement.py\", line 94, in click\n    self._execute(Command.CLICK_ELEMENT)\n  File \"C:\\Users\\trump\\AppData\\Local\\JetBrains\\PyCharmCE2024.1\\demo\\PyCharmLearningProject\\venv\\Lib\\site-packages\\selenium\\webdriver\\remote\\webelement.py\", line 395, in _execute\n    return self._parent.execute(command, params)\n           ^^^^^^^^^^^^^^^^^^^^^^^^^^^^^^^^^^^^^\n  File \"C:\\Users\\trump\\AppData\\Local\\JetBrains\\PyCharmCE2024.1\\demo\\PyCharmLearningProject\\venv\\Lib\\site-packages\\selenium\\webdriver\\remote\\webdriver.py\", line 347, in execute\n    self.error_handler.check_response(response)\n  File \"C:\\Users\\trump\\AppData\\Local\\JetBrains\\PyCharmCE2024.1\\demo\\PyCharmLearningProject\\venv\\Lib\\site-packages\\selenium\\webdriver\\remote\\errorhandler.py\", line 229, in check_response\n    raise exception_class(message, screen, stacktrace)\n"}, "steps": [{"name": "Ищем элемент на странице", "status": "passed", "start": 1720028592005, "stop": 1720028592015}], "start": 1720028592005, "stop": 1720028592021}], "start": 1720028592005, "stop": 1720028592021}], "parameters": [{"name": "web_driver", "value": "'firefox'"}], "start": 1720028592005, "stop": 1720028592022, "uuid": "ff3b5c30-6933-486a-9d9d-55895c711297", "historyId": "b806c90f181fb03d32af99e4c4dba3d0", "testCaseId": "4ca17478670ff12814a59e3dad89e7dd", "fullName": "tests.test_main_functionality.TestMainFunctionalityPage#test_click_button_order_feed", "labels": [{"name": "parentSuite", "value": "tests"}, {"name": "suite", "value": "test_main_functionality"}, {"name": "subSuite", "value": "TestMainFunctionalityPage"}, {"name": "host", "value": "DESKTOP-KUMEG7E"}, {"name": "thread", "value": "29968-MainThread"}, {"name": "framework", "value": "pytest"}, {"name": "language", "value": "cpython3"}, {"name": "package", "value": "tests.test_main_functionality"}]}